[2019-08-23 10:34:51.616869] NOTICE: Startup: Logging initialized, level: 9, mode: file mode: log/game.log
[2019-08-23 10:34:54.085837] INFO: PLAYERS_LOG: Player name: sasdf
[2019-08-23 10:34:54.085837] INFO: PLAYERS_LOG: Computer name: A. Fast
[2019-08-23 10:34:54.085837] INFO: ROLLS_LOG: Rolls have been successfully created
[2019-08-23 10:34:54.085837] INFO: GAME_LOG: Game started
[2019-08-23 10:34:54.085837] INFO: GAME_LOG: Round 1
[2019-08-23 10:34:56.375838] INFO: GAME_LOG: Roll of sasdf: paper
[2019-08-23 10:34:56.375838] INFO: GAME_LOG: Roll of A. Fast: rock
[2019-08-23 10:34:56.375838] INFO: GAME_LOG: sasdf: win
[2019-08-23 10:34:56.375838] INFO: GAME_LOG: sasdf: 1
[2019-08-23 10:34:56.375838] INFO: GAME_LOG: A. Fast: 0
[2019-08-23 10:34:56.375838] INFO: GAME_LOG: Round 2
[2019-08-23 10:34:57.307021] INFO: GAME_LOG: Roll of sasdf: paper
[2019-08-23 10:34:57.307021] INFO: GAME_LOG: Roll of A. Fast: scissors
[2019-08-23 10:34:57.307021] INFO: GAME_LOG: sasdf: lose
[2019-08-23 10:34:57.307021] INFO: GAME_LOG: sasdf: 1
[2019-08-23 10:34:57.307021] INFO: GAME_LOG: A. Fast: 1
[2019-08-23 10:34:57.307021] INFO: GAME_LOG: Round 3
[2019-08-23 10:34:58.735559] INFO: GAME_LOG: Roll of sasdf: paper
[2019-08-23 10:34:58.735559] INFO: GAME_LOG: Roll of A. Fast: scissors
[2019-08-23 10:34:58.735559] INFO: GAME_LOG: sasdf: lose
[2019-08-23 10:34:58.735559] INFO: GAME_LOG: sasdf: 1
[2019-08-23 10:34:58.735559] INFO: GAME_LOG: A. Fast: 2
[2019-08-23 10:34:58.735559] INFO: GAME_LOG: Winner: A. Fast
[2019-08-23 10:34:58.735559] INFO: GAME_LOG: Game ended
